<?xml version="1.0" encoding="UTF-8"?>
<!-- Generated by org.testng.reporters.JUnitReportReporter -->
<testsuite skipped="0" hostname="iphone" name="fanbase.FanbaseSignUp" tests="1" failures="0" timestamp="12 May 2017 10:20:56 GMT" time="10.263" errors="0">
  <testcase name="testSignUp" time="10.263" classname="fanbase.FanbaseSignUp"/>
</testsuite> <!-- fanbase.FanbaseSignUp -->
