<?xml version="1.0" encoding="UTF-8"?>
<!-- Generated by org.testng.reporters.JUnitReportReporter -->
<testsuite skipped="0" hostname="iphone" name="fanbase.ChangeCreditCardDetails" tests="1" failures="0" timestamp="12 May 2017 10:20:56 GMT" time="48.513" errors="0">
  <testcase name="testChangeCreditCardDetails" time="48.513" classname="fanbase.ChangeCreditCardDetails"/>
</testsuite> <!-- fanbase.ChangeCreditCardDetails -->
