<?xml version="1.0" encoding="UTF-8"?>
<!-- Generated by org.testng.reporters.JUnitReportReporter -->
<testsuite skipped="0" hostname="iphone" name="fanbase.BuyTickets" tests="1" failures="0" timestamp="12 May 2017 10:20:56 GMT" time="22.378" errors="0">
  <testcase name="testBuyingTickets" time="22.378" classname="fanbase.BuyTickets"/>
</testsuite> <!-- fanbase.BuyTickets -->
