<?xml version="1.0" encoding="UTF-8"?>
<!-- Generated by org.testng.reporters.JUnitReportReporter -->
<testsuite skipped="0" hostname="iphone" name="fanbase.SignUp" tests="1" failures="0" timestamp="08 May 2017 19:05:00 GMT" time="9.589" errors="0">
  <testcase name="testSignUp" time="9.589" classname="fanbase.SignUp"/>
</testsuite> <!-- fanbase.SignUp -->
